<?xml version="1.0" encoding="UTF-8"?>
<testsuite xmlns:xsi="http://www.w3.org/2001/XMLSchema-instance" xsi:noNamespaceSchemaLocation="https://maven.apache.org/surefire/maven-surefire-plugin/xsd/surefire-test-report-3.0.xsd" version="3.0" name="TestSuite" time="38.258" tests="6" errors="0" skipped="3" failures="0">
  <properties>
[...]
</properties>
  <testcase name="bankManagerLoginTest" classname="com.w2a.testcases.BankManagerLoginTest" time="8.695">
    <system-out><![CDATA[true
]]></system-out>
    <system-err><![CDATA[log4j:WARN No appenders could be found for logger (devpinoyLogger).
log4j:WARN Please initialize the log4j system properly.
log4j:WARN See http://logging.apache.org/log4j/1.2/faq.html#noconfig for more info.
ChromeDriver was started successfully.
May 27, 2023 2:54:49 PM org.openqa.selenium.remote.ProtocolHandshake createSession
INFO: Detected dialect: W3C
]]></system-err>
  </testcase>
  <testcase name="addCustomerTest[{FirstName=raman, PostalCode=500035.0, LastName=arora, runmode=Y, =, AlertText=Customer added successfully}](1)" classname="com.w2a.testcases.AddCustomerTest" time="7.401">
    <system-out><![CDATA[true
]]></system-out>
  </testcase>
  <testcase name="addCustomerTest[{FirstName=rahul, PostalCode=345667.0, LastName=mishra, runmode=N, =, AlertText=Customer added successfully}](2)" classname="com.w2a.testcases.AddCustomerTest" time="0">
    <skipped message="skipping the testcase as run mode is N"/>
    <system-out><![CDATA[true
]]></system-out>
  </testcase>
  <testcase name="addCustomerTest[{FirstName=nikhil, PostalCode=4567678.0, LastName=bharati, runmode=Y, =, AlertText=Customer added successfully}](3)" classname="com.w2a.testcases.AddCustomerTest" time="6.875">
    <system-out><![CDATA[true
]]></system-out>
  </testcase>
  <testcase name="addCustomerTest[{FirstName=deeksha, PostalCode=5787908.0, LastName=reddy, runmode=N, =, AlertText=Customer added successfully}](4)" classname="com.w2a.testcases.AddCustomerTest" time="0">
    <skipped message="skipping the testcase as run mode is N"/>
    <system-out><![CDATA[true
]]></system-out>
  </testcase>
  <testcase name="openAccountTest[{Currency=Rupee, runmode=Y, Customer=raman arora, =}](1)" classname="com.w2a.testcases.OpenAccountTest" time="0">
    <skipped message="skipping the testopenAccountTestsince runmode is No"/>
    <system-out><![CDATA[false
]]></system-out>
  </testcase>
</testsuite>