<?xml version="1.0" encoding="UTF-8"?>
<testng-results ignored="0" total="1" passed="1" failed="0" skipped="0">
  <reporter-output>
  </reporter-output>
  <suite started-at="2023-05-23T22:22:08 CDT" name="Default suite" finished-at="2023-05-23T22:22:11 CDT" duration-ms="3353">
    <groups>
    </groups>
    <test started-at="2023-05-23T22:22:08 CDT" name="Default test" finished-at="2023-05-23T22:22:11 CDT" duration-ms="3353">
      <class name="com.w2a.testcases.BankManagerLoginTest">
        <test-method is-config="true" signature="setUp()[pri:0, instance:com.w2a.testcases.BankManagerLoginTest@3f07b12c]" started-at="2023-05-23T22:22:01 CDT" name="setUp" finished-at="2023-05-23T22:22:08 CDT" duration-ms="6519" status="PASS">
          <reporter-output>
          </reporter-output>
        </test-method> <!-- setUp -->
        <test-method signature="loginAsBankManager()[pri:0, instance:com.w2a.testcases.BankManagerLoginTest@3f07b12c]" started-at="2023-05-23T22:22:08 CDT" name="loginAsBankManager" finished-at="2023-05-23T22:22:11 CDT" duration-ms="3263" status="PASS">
          <reporter-output>
          </reporter-output>
        </test-method> <!-- loginAsBankManager -->
        <test-method is-config="true" signature="TearDown()[pri:0, instance:com.w2a.testcases.BankManagerLoginTest@3f07b12c]" started-at="2023-05-23T22:22:11 CDT" name="TearDown" finished-at="2023-05-23T22:22:11 CDT" duration-ms="221" status="PASS">
          <reporter-output>
          </reporter-output>
        </test-method> <!-- TearDown -->
      </class> <!-- com.w2a.testcases.BankManagerLoginTest -->
    </test> <!-- Default test -->
  </suite> <!-- Default suite -->
</testng-results>
